[26-Apr-2023 18:20:22 UTC] PHP Warning:  Undefined property: WP_Ajax_Upgrader_Skin::$api in C:\Users\svlad\Local Sites\travelers-lab\app\public\wp-admin\includes\class-theme-upgrader.php on line 160
[26-Apr-2023 18:20:57 UTC] PHP Warning:  Undefined property: WP_Ajax_Upgrader_Skin::$api in C:\Users\svlad\Local Sites\travelers-lab\app\public\wp-admin\includes\class-theme-upgrader.php on line 160
[26-Apr-2023 18:21:14 UTC] PHP Warning:  Array to string conversion in C:\Users\svlad\Local Sites\travelers-lab\app\public\wp-includes\formatting.php on line 1098
[26-Apr-2023 18:21:14 UTC] PHP Warning:  Array to string conversion in C:\Users\svlad\Local Sites\travelers-lab\app\public\wp-includes\formatting.php on line 1098
[26-Apr-2023 18:23:03 UTC] PHP Warning:  Attempt to read property "title" on null in C:\Users\svlad\Local Sites\travelers-lab\app\public\wp-includes\class-wp-customize-widgets.php on line 905
[26-Apr-2023 18:23:59 UTC] PHP Warning:  Array to string conversion in C:\Users\svlad\Local Sites\travelers-lab\app\public\wp-includes\formatting.php on line 1098
[26-Apr-2023 18:23:59 UTC] PHP Warning:  Array to string conversion in C:\Users\svlad\Local Sites\travelers-lab\app\public\wp-includes\formatting.php on line 1098
[26-Apr-2023 18:58:27 UTC] PHP Warning:  Array to string conversion in C:\Users\svlad\Local Sites\travelers-lab\app\public\wp-includes\formatting.php on line 1098
[26-Apr-2023 18:58:27 UTC] PHP Warning:  Array to string conversion in C:\Users\svlad\Local Sites\travelers-lab\app\public\wp-includes\formatting.php on line 1098
[26-Apr-2023 19:23:15 UTC] PHP Fatal error:  Uncaught Error: Call to undefined function wp_header() in C:\Users\svlad\Local Sites\travelers-lab\app\public\wp-content\themes\travelers-lab-default\header.php:2
Stack trace:
#0 C:\Users\svlad\Local Sites\travelers-lab\app\public\wp-includes\template.php(783): require_once()
#1 C:\Users\svlad\Local Sites\travelers-lab\app\public\wp-includes\template.php(718): load_template('C:\\Users\\svlad\\...', true, Array)
#2 C:\Users\svlad\Local Sites\travelers-lab\app\public\wp-includes\general-template.php(48): locate_template(Array, true, true, Array)
#3 C:\Users\svlad\Local Sites\travelers-lab\app\public\wp-content\themes\travelers-lab-default\home.php(2): get_header()
#4 C:\Users\svlad\Local Sites\travelers-lab\app\public\wp-includes\template-loader.php(106): include('C:\\Users\\svlad\\...')
#5 C:\Users\svlad\Local Sites\travelers-lab\app\public\wp-blog-header.php(19): require_once('C:\\Users\\svlad\\...')
#6 C:\Users\svlad\Local Sites\travelers-lab\app\public\index.php(17): require('C:\\Users\\svlad\\...')
#7 {main}
  thrown in C:\Users\svlad\Local Sites\travelers-lab\app\public\wp-content\themes\travelers-lab-default\header.php on line 2
[26-Apr-2023 19:23:36 UTC] PHP Fatal error:  Uncaught Error: Call to undefined function wp_header() in C:\Users\svlad\Local Sites\travelers-lab\app\public\wp-content\themes\travelers-lab-default\header.php:2
Stack trace:
#0 C:\Users\svlad\Local Sites\travelers-lab\app\public\wp-includes\template.php(783): require_once()
#1 C:\Users\svlad\Local Sites\travelers-lab\app\public\wp-includes\template.php(718): load_template('C:\\Users\\svlad\\...', true, Array)
#2 C:\Users\svlad\Local Sites\travelers-lab\app\public\wp-includes\general-template.php(48): locate_template(Array, true, true, Array)
#3 C:\Users\svlad\Local Sites\travelers-lab\app\public\wp-content\themes\travelers-lab-default\home.php(2): get_header()
#4 C:\Users\svlad\Local Sites\travelers-lab\app\public\wp-includes\template-loader.php(106): include('C:\\Users\\svlad\\...')
#5 C:\Users\svlad\Local Sites\travelers-lab\app\public\wp-blog-header.php(19): require_once('C:\\Users\\svlad\\...')
#6 C:\Users\svlad\Local Sites\travelers-lab\app\public\index.php(17): require('C:\\Users\\svlad\\...')
#7 {main}
  thrown in C:\Users\svlad\Local Sites\travelers-lab\app\public\wp-content\themes\travelers-lab-default\header.php on line 2
[26-Apr-2023 19:23:37 UTC] PHP Fatal error:  Uncaught Error: Call to undefined function wp_header() in C:\Users\svlad\Local Sites\travelers-lab\app\public\wp-content\themes\travelers-lab-default\header.php:2
Stack trace:
#0 C:\Users\svlad\Local Sites\travelers-lab\app\public\wp-includes\template.php(783): require_once()
#1 C:\Users\svlad\Local Sites\travelers-lab\app\public\wp-includes\template.php(718): load_template('C:\\Users\\svlad\\...', true, Array)
#2 C:\Users\svlad\Local Sites\travelers-lab\app\public\wp-includes\general-template.php(48): locate_template(Array, true, true, Array)
#3 C:\Users\svlad\Local Sites\travelers-lab\app\public\wp-content\themes\travelers-lab-default\home.php(2): get_header()
#4 C:\Users\svlad\Local Sites\travelers-lab\app\public\wp-includes\template-loader.php(106): include('C:\\Users\\svlad\\...')
#5 C:\Users\svlad\Local Sites\travelers-lab\app\public\wp-blog-header.php(19): require_once('C:\\Users\\svlad\\...')
#6 C:\Users\svlad\Local Sites\travelers-lab\app\public\index.php(17): require('C:\\Users\\svlad\\...')
#7 {main}
  thrown in C:\Users\svlad\Local Sites\travelers-lab\app\public\wp-content\themes\travelers-lab-default\header.php on line 2
[26-Apr-2023 19:54:19 UTC] PHP Warning:  Attempt to read property "title" on null in C:\Users\svlad\Local Sites\travelers-lab\app\public\wp-includes\class-wp-customize-widgets.php on line 905
[26-Apr-2023 19:56:35 UTC] PHP Warning:  Attempt to read property "title" on null in C:\Users\svlad\Local Sites\travelers-lab\app\public\wp-includes\class-wp-customize-widgets.php on line 905
[26-Apr-2023 19:59:17 UTC] PHP Warning:  Attempt to read property "title" on null in C:\Users\svlad\Local Sites\travelers-lab\app\public\wp-includes\class-wp-customize-widgets.php on line 905
[26-Apr-2023 20:02:37 UTC] PHP Warning:  Attempt to read property "title" on null in C:\Users\svlad\Local Sites\travelers-lab\app\public\wp-includes\class-wp-customize-widgets.php on line 905
[26-Apr-2023 20:04:25 UTC] PHP Warning:  Attempt to read property "title" on null in C:\Users\svlad\Local Sites\travelers-lab\app\public\wp-includes\class-wp-customize-widgets.php on line 905
[28-Apr-2023 17:21:26 UTC] PHP Fatal error:  Uncaught Error: Call to undefined function the_posts() in C:\Users\svlad\Local Sites\travelers-lab\app\public\wp-content\themes\travelers-lab-default\front-page.php:16
Stack trace:
#0 C:\Users\svlad\Local Sites\travelers-lab\app\public\wp-includes\template-loader.php(106): include()
#1 C:\Users\svlad\Local Sites\travelers-lab\app\public\wp-blog-header.php(19): require_once('C:\\Users\\svlad\\...')
#2 C:\Users\svlad\Local Sites\travelers-lab\app\public\index.php(17): require('C:\\Users\\svlad\\...')
#3 {main}
  thrown in C:\Users\svlad\Local Sites\travelers-lab\app\public\wp-content\themes\travelers-lab-default\front-page.php on line 16
[28-Apr-2023 17:26:45 UTC] PHP Parse error:  syntax error, unexpected token "=>" in C:\Users\svlad\Local Sites\travelers-lab\app\public\wp-content\themes\travelers-lab-default\front-page.php on line 16
[28-Apr-2023 17:43:41 UTC] PHP Fatal error:  Uncaught Error: Call to undefined function get_post_ID() in C:\Users\svlad\Local Sites\travelers-lab\app\public\wp-content\themes\travelers-lab-default\front-page.php:23
Stack trace:
#0 C:\Users\svlad\Local Sites\travelers-lab\app\public\wp-includes\template-loader.php(106): include()
#1 C:\Users\svlad\Local Sites\travelers-lab\app\public\wp-blog-header.php(19): require_once('C:\\Users\\svlad\\...')
#2 C:\Users\svlad\Local Sites\travelers-lab\app\public\index.php(17): require('C:\\Users\\svlad\\...')
#3 {main}
  thrown in C:\Users\svlad\Local Sites\travelers-lab\app\public\wp-content\themes\travelers-lab-default\front-page.php on line 23
[28-Apr-2023 18:09:12 UTC] PHP Warning:  Array to string conversion in C:\Users\svlad\Local Sites\travelers-lab\app\public\wp-content\themes\travelers-lab-default\index.php on line 9
[28-Apr-2023 18:09:24 UTC] PHP Fatal error:  Uncaught Error: Object of class WP_Term could not be converted to string in C:\Users\svlad\Local Sites\travelers-lab\app\public\wp-content\themes\travelers-lab-default\index.php:9
Stack trace:
#0 C:\Users\svlad\Local Sites\travelers-lab\app\public\wp-includes\template-loader.php(106): include()
#1 C:\Users\svlad\Local Sites\travelers-lab\app\public\wp-blog-header.php(19): require_once('C:\\Users\\svlad\\...')
#2 C:\Users\svlad\Local Sites\travelers-lab\app\public\index.php(17): require('C:\\Users\\svlad\\...')
#3 {main}
  thrown in C:\Users\svlad\Local Sites\travelers-lab\app\public\wp-content\themes\travelers-lab-default\index.php on line 9
[12-May-2023 14:23:38 UTC] PHP Parse error:  syntax error, unexpected token "<" in C:\Users\svlad\Local Sites\travelers-lab\app\public\wp-content\themes\travelers-lab-default\index.php on line 63
[12-May-2023 14:23:50 UTC] PHP Parse error:  syntax error, unexpected token "<" in C:\Users\svlad\Local Sites\travelers-lab\app\public\wp-content\themes\travelers-lab-default\index.php on line 62
[12-May-2023 14:24:30 UTC] PHP Parse error:  Unclosed '{' on line 45 in C:\Users\svlad\Local Sites\travelers-lab\app\public\wp-content\themes\travelers-lab-default\index.php on line 73
[21-May-2023 13:28:12 UTC] Cron reschedule event error for hook: wp_https_detection, Error code: could_not_set, Error message: The cron event list could not be saved., Data: {"schedule":"twicedaily","args":[],"interval":43200}
[21-May-2023 13:56:45 UTC] PHP Fatal error:  Uncaught TypeError: Unsupported operand types: string + string in C:\Users\svlad\Local Sites\travelers-lab\app\public\wp-content\themes\travelers-lab-default\front-page.php:108
Stack trace:
#0 C:\Users\svlad\Local Sites\travelers-lab\app\public\wp-includes\template-loader.php(106): include()
#1 C:\Users\svlad\Local Sites\travelers-lab\app\public\wp-blog-header.php(19): require_once('C:\\Users\\svlad\\...')
#2 C:\Users\svlad\Local Sites\travelers-lab\app\public\index.php(17): require('C:\\Users\\svlad\\...')
#3 {main}
  thrown in C:\Users\svlad\Local Sites\travelers-lab\app\public\wp-content\themes\travelers-lab-default\front-page.php on line 108
[21-May-2023 14:22:40 UTC] PHP Warning:  Undefined array key "hashtag" in C:\Users\svlad\Local Sites\travelers-lab\app\public\wp-content\plugins\instagram-feed\inc\class-sb-instagram-settings.php on line 90
[21-May-2023 14:22:43 UTC] PHP Warning:  Undefined array key "hashtag" in C:\Users\svlad\Local Sites\travelers-lab\app\public\wp-content\plugins\instagram-feed\inc\class-sb-instagram-settings.php on line 90
[21-May-2023 14:22:45 UTC] PHP Warning:  Undefined array key "hashtag" in C:\Users\svlad\Local Sites\travelers-lab\app\public\wp-content\plugins\instagram-feed\inc\class-sb-instagram-settings.php on line 90
[21-May-2023 14:32:43 UTC] PHP Warning:  Undefined property: stdClass::$marketing_permissions in C:\Users\svlad\Local Sites\travelers-lab\app\public\wp-content\plugins\mailchimp-for-wp\includes\class-mailchimp.php on line 344
[21-May-2023 18:05:17 UTC] PHP Warning:  Attempt to read property "title" on null in C:\Users\svlad\Local Sites\travelers-lab\app\public\wp-includes\class-wp-customize-widgets.php on line 905
